2025-05-19 09:17:21.926  INFO 15920 --- [restartedMain] c.mysite.applyhome.ApplyHomeApplication  : Starting ApplyHomeApplication using Java 21.0.6 with PID 15920 (C:\final_project\ml-backend\build\classes\java\main started by JooJungwoo in C:\final_project)
2025-05-19 09:17:21.944  INFO 15920 --- [restartedMain] c.mysite.applyhome.ApplyHomeApplication  : No active profile set, falling back to 1 default profile: "default"
2025-05-19 09:17:22.292  INFO 15920 --- [restartedMain] .e.DevToolsPropertyDefaultsPostProcessor : Devtools property defaults active! Set 'spring.devtools.add-properties' to 'false' to disable
2025-05-19 09:17:22.292  INFO 15920 --- [restartedMain] .e.DevToolsPropertyDefaultsPostProcessor : For additional web related logging consider setting the 'logging.level.web' property to 'DEBUG'
2025-05-19 09:17:24.170  INFO 15920 --- [restartedMain] .s.d.r.c.RepositoryConfigurationDelegate : Bootstrapping Spring Data JPA repositories in DEFAULT mode.
2025-05-19 09:17:24.379  INFO 15920 --- [restartedMain] .s.d.r.c.RepositoryConfigurationDelegate : Finished Spring Data repository scanning in 188 ms. Found 2 JPA repository interfaces.
2025-05-19 09:17:25.611  INFO 15920 --- [restartedMain] o.s.b.w.embedded.tomcat.TomcatWebServer  : Tomcat initialized with port 8080 (http)
2025-05-19 09:17:25.624  INFO 15920 --- [restartedMain] o.apache.catalina.core.StandardService   : Starting service [Tomcat]
2025-05-19 09:17:25.624  INFO 15920 --- [restartedMain] o.apache.catalina.core.StandardEngine    : Starting Servlet engine: [Apache Tomcat/10.1.17]
2025-05-19 09:17:25.690  INFO 15920 --- [restartedMain] o.a.c.c.C.[Tomcat].[localhost].[/]       : Initializing Spring embedded WebApplicationContext
2025-05-19 09:17:25.690  INFO 15920 --- [restartedMain] w.s.c.ServletWebServerApplicationContext : Root WebApplicationContext: initialization completed in 3395 ms
2025-05-19 09:17:25.719  INFO 15920 --- [restartedMain] com.zaxxer.hikari.HikariDataSource       : HikariPool-1 - Starting...
2025-05-19 09:17:26.003  INFO 15920 --- [restartedMain] com.zaxxer.hikari.pool.HikariPool        : HikariPool-1 - Added connection conn0: url=jdbc:h2:~/local user=SA
2025-05-19 09:17:26.003  INFO 15920 --- [restartedMain] com.zaxxer.hikari.HikariDataSource       : HikariPool-1 - Start completed.
2025-05-19 09:17:26.007  INFO 15920 --- [restartedMain] o.s.b.a.h2.H2ConsoleAutoConfiguration    : H2 console available at '/h2-console'. Database available at 'jdbc:h2:~/local'
2025-05-19 09:17:26.183  INFO 15920 --- [restartedMain] o.hibernate.jpa.internal.util.LogHelper  : HHH000204: Processing PersistenceUnitInfo [name: default]
2025-05-19 09:17:26.253  INFO 15920 --- [restartedMain] org.hibernate.Version                    : HHH000412: Hibernate ORM core version 6.4.1.Final
2025-05-19 09:17:26.304  INFO 15920 --- [restartedMain] o.h.c.internal.RegionFactoryInitiator    : HHH000026: Second-level cache disabled
2025-05-19 09:17:26.544  INFO 15920 --- [restartedMain] o.s.o.j.p.SpringPersistenceUnitInfo      : No LoadTimeWeaver setup: ignoring JPA class transformer
2025-05-19 09:17:26.593  WARN 15920 --- [restartedMain] org.hibernate.orm.deprecation            : HHH90000025: H2Dialect does not need to be specified explicitly using 'hibernate.dialect' (remove the property setting and it will be selected by default)
2025-05-19 09:17:27.372  INFO 15920 --- [restartedMain] o.h.e.t.j.p.i.JtaPlatformInitiator       : HHH000489: No JTA platform available (set 'hibernate.transaction.jta.platform' to enable JTA platform integration)
2025-05-19 09:17:27.447  INFO 15920 --- [restartedMain] j.LocalContainerEntityManagerFactoryBean : Initialized JPA EntityManagerFactory for persistence unit 'default'
2025-05-19 09:17:27.910  WARN 15920 --- [restartedMain] JpaBaseConfiguration$JpaWebConfiguration : spring.jpa.open-in-view is enabled by default. Therefore, database queries may be performed during view rendering. Explicitly configure spring.jpa.open-in-view to disable this warning
2025-05-19 09:17:28.271  INFO 15920 --- [restartedMain] o.s.s.web.DefaultSecurityFilterChain     : Will secure any request with [org.springframework.security.web.session.DisableEncodeUrlFilter@26baabe1, org.springframework.security.web.context.request.async.WebAsyncManagerIntegrationFilter@5b1c0fb8, org.springframework.security.web.context.SecurityContextHolderFilter@3780bda8, org.springframework.security.web.header.HeaderWriterFilter@6be1420c, org.springframework.web.filter.CorsFilter@1a5c0593, org.springframework.security.web.csrf.CsrfFilter@66f0bb7f, org.springframework.security.web.authentication.logout.LogoutFilter@702cb07c, org.springframework.security.web.authentication.UsernamePasswordAuthenticationFilter@6e9a1baf, org.springframework.security.web.savedrequest.RequestCacheAwareFilter@7394fa8c, org.springframework.security.web.servletapi.SecurityContextHolderAwareRequestFilter@65b6318, org.springframework.security.web.authentication.AnonymousAuthenticationFilter@2cefcc73, org.springframework.security.web.access.ExceptionTranslationFilter@24b3c681, org.springframework.security.web.access.intercept.AuthorizationFilter@759aaf3a]
2025-05-19 09:17:28.597  INFO 15920 --- [restartedMain] o.s.b.d.a.OptionalLiveReloadServer       : LiveReload server is running on port 35729
2025-05-19 09:17:28.635  INFO 15920 --- [restartedMain] o.s.b.w.embedded.tomcat.TomcatWebServer  : Tomcat started on port 8080 (http) with context path ''
2025-05-19 09:17:28.645  INFO 15920 --- [restartedMain] c.mysite.applyhome.ApplyHomeApplication  : Started ApplyHomeApplication in 7.142 seconds (process running for 7.656)
2025-05-19 09:17:59.364  INFO 15920 --- [http-nio-8080-exec-1] o.a.c.c.C.[Tomcat].[localhost].[/]       : Initializing Spring DispatcherServlet 'dispatcherServlet'
2025-05-19 09:17:59.364  INFO 15920 --- [http-nio-8080-exec-1] o.s.web.servlet.DispatcherServlet        : Initializing Servlet 'dispatcherServlet'
2025-05-19 09:17:59.364  INFO 15920 --- [http-nio-8080-exec-1] o.s.web.servlet.DispatcherServlet        : Completed initialization in 0 ms
2025-05-19 11:00:28.702  INFO 18832 --- [restartedMain] c.mysite.applyhome.ApplyHomeApplication  : Starting ApplyHomeApplication using Java 21.0.6 with PID 18832 (C:\final_project\ml-backend\build\classes\java\main started by JooJungwoo in C:\final_project)
2025-05-19 11:00:28.708  INFO 18832 --- [restartedMain] c.mysite.applyhome.ApplyHomeApplication  : No active profile set, falling back to 1 default profile: "default"
2025-05-19 11:00:28.994  INFO 18832 --- [restartedMain] .e.DevToolsPropertyDefaultsPostProcessor : Devtools property defaults active! Set 'spring.devtools.add-properties' to 'false' to disable
2025-05-19 11:00:28.994  INFO 18832 --- [restartedMain] .e.DevToolsPropertyDefaultsPostProcessor : For additional web related logging consider setting the 'logging.level.web' property to 'DEBUG'
2025-05-19 11:00:29.801  INFO 18832 --- [restartedMain] .s.d.r.c.RepositoryConfigurationDelegate : Bootstrapping Spring Data JPA repositories in DEFAULT mode.
2025-05-19 11:00:29.880  INFO 18832 --- [restartedMain] .s.d.r.c.RepositoryConfigurationDelegate : Finished Spring Data repository scanning in 68 ms. Found 2 JPA repository interfaces.
2025-05-19 11:00:30.711  INFO 18832 --- [restartedMain] o.s.b.w.embedded.tomcat.TomcatWebServer  : Tomcat initialized with port 8080 (http)
2025-05-19 11:00:30.719  INFO 18832 --- [restartedMain] o.apache.catalina.core.StandardService   : Starting service [Tomcat]
2025-05-19 11:00:30.719  INFO 18832 --- [restartedMain] o.apache.catalina.core.StandardEngine    : Starting Servlet engine: [Apache Tomcat/10.1.17]
2025-05-19 11:00:30.782  INFO 18832 --- [restartedMain] o.a.c.c.C.[Tomcat].[localhost].[/]       : Initializing Spring embedded WebApplicationContext
2025-05-19 11:00:30.782  INFO 18832 --- [restartedMain] w.s.c.ServletWebServerApplicationContext : Root WebApplicationContext: initialization completed in 1788 ms
2025-05-19 11:00:30.814  INFO 18832 --- [restartedMain] com.zaxxer.hikari.HikariDataSource       : HikariPool-1 - Starting...
2025-05-19 11:00:31.088  INFO 18832 --- [restartedMain] com.zaxxer.hikari.pool.HikariPool        : HikariPool-1 - Added connection conn0: url=jdbc:h2:~/local user=SA
2025-05-19 11:00:31.088  INFO 18832 --- [restartedMain] com.zaxxer.hikari.HikariDataSource       : HikariPool-1 - Start completed.
2025-05-19 11:00:31.103  INFO 18832 --- [restartedMain] o.s.b.a.h2.H2ConsoleAutoConfiguration    : H2 console available at '/h2-console'. Database available at 'jdbc:h2:~/local'
2025-05-19 11:00:31.295  INFO 18832 --- [restartedMain] o.hibernate.jpa.internal.util.LogHelper  : HHH000204: Processing PersistenceUnitInfo [name: default]
2025-05-19 11:00:31.374  INFO 18832 --- [restartedMain] org.hibernate.Version                    : HHH000412: Hibernate ORM core version 6.4.1.Final
2025-05-19 11:00:31.431  INFO 18832 --- [restartedMain] o.h.c.internal.RegionFactoryInitiator    : HHH000026: Second-level cache disabled
2025-05-19 11:00:31.685  INFO 18832 --- [restartedMain] o.s.o.j.p.SpringPersistenceUnitInfo      : No LoadTimeWeaver setup: ignoring JPA class transformer
2025-05-19 11:00:31.732  WARN 18832 --- [restartedMain] org.hibernate.orm.deprecation            : HHH90000025: H2Dialect does not need to be specified explicitly using 'hibernate.dialect' (remove the property setting and it will be selected by default)
2025-05-19 11:00:32.535  INFO 18832 --- [restartedMain] o.h.e.t.j.p.i.JtaPlatformInitiator       : HHH000489: No JTA platform available (set 'hibernate.transaction.jta.platform' to enable JTA platform integration)
2025-05-19 11:00:32.593  INFO 18832 --- [restartedMain] j.LocalContainerEntityManagerFactoryBean : Initialized JPA EntityManagerFactory for persistence unit 'default'
2025-05-19 11:00:33.093  WARN 18832 --- [restartedMain] JpaBaseConfiguration$JpaWebConfiguration : spring.jpa.open-in-view is enabled by default. Therefore, database queries may be performed during view rendering. Explicitly configure spring.jpa.open-in-view to disable this warning
2025-05-19 11:00:33.436  INFO 18832 --- [restartedMain] o.s.s.web.DefaultSecurityFilterChain     : Will secure any request with [org.springframework.security.web.session.DisableEncodeUrlFilter@a3b1465, org.springframework.security.web.context.request.async.WebAsyncManagerIntegrationFilter@21a13eb0, org.springframework.security.web.context.SecurityContextHolderFilter@3de9a48, org.springframework.security.web.header.HeaderWriterFilter@793ef4d9, org.springframework.web.filter.CorsFilter@12a021bb, org.springframework.security.web.csrf.CsrfFilter@32216030, org.springframework.security.web.authentication.logout.LogoutFilter@5cb4512a, org.springframework.security.web.authentication.UsernamePasswordAuthenticationFilter@2951d357, org.springframework.security.web.savedrequest.RequestCacheAwareFilter@1bd9c7b6, org.springframework.security.web.servletapi.SecurityContextHolderAwareRequestFilter@7282d602, org.springframework.security.web.authentication.AnonymousAuthenticationFilter@6349b2a3, org.springframework.security.web.access.ExceptionTranslationFilter@1ad7bf71, org.springframework.security.web.access.intercept.AuthorizationFilter@252c7e2c]
2025-05-19 11:00:33.784  INFO 18832 --- [restartedMain] o.s.b.d.a.OptionalLiveReloadServer       : LiveReload server is running on port 35729
2025-05-19 11:00:33.815  INFO 18832 --- [restartedMain] o.s.b.w.embedded.tomcat.TomcatWebServer  : Tomcat started on port 8080 (http) with context path ''
2025-05-19 11:00:33.825  INFO 18832 --- [restartedMain] c.mysite.applyhome.ApplyHomeApplication  : Started ApplyHomeApplication in 5.552 seconds (process running for 6.01)
2025-05-19 11:01:02.691  INFO 18832 --- [http-nio-8080-exec-1] o.a.c.c.C.[Tomcat].[localhost].[/]       : Initializing Spring DispatcherServlet 'dispatcherServlet'
2025-05-19 11:01:02.691  INFO 18832 --- [http-nio-8080-exec-1] o.s.web.servlet.DispatcherServlet        : Initializing Servlet 'dispatcherServlet'
2025-05-19 11:01:02.693  INFO 18832 --- [http-nio-8080-exec-1] o.s.web.servlet.DispatcherServlet        : Completed initialization in 2 ms
