2025-05-31 10:22:42.672  INFO 55232 --- [restartedMain] c.mysite.applyhome.ApplyHomeApplication  : Starting ApplyHomeApplication using Java 21.0.6 with PID 55232 (C:\final_project\ml-backend\build\classes\java\main started by JooJungwoo in C:\final_project)
2025-05-31 10:22:42.704  INFO 55232 --- [restartedMain] c.mysite.applyhome.ApplyHomeApplication  : No active profile set, falling back to 1 default profile: "default"
2025-05-31 10:22:43.370  INFO 55232 --- [restartedMain] .e.DevToolsPropertyDefaultsPostProcessor : Devtools property defaults active! Set 'spring.devtools.add-properties' to 'false' to disable
2025-05-31 10:22:43.370  INFO 55232 --- [restartedMain] .e.DevToolsPropertyDefaultsPostProcessor : For additional web related logging consider setting the 'logging.level.web' property to 'DEBUG'
2025-05-31 10:22:44.689  INFO 55232 --- [restartedMain] .s.d.r.c.RepositoryConfigurationDelegate : Bootstrapping Spring Data JPA repositories in DEFAULT mode.
2025-05-31 10:22:44.790  INFO 55232 --- [restartedMain] .s.d.r.c.RepositoryConfigurationDelegate : Finished Spring Data repository scanning in 84 ms. Found 3 JPA repository interfaces.
2025-05-31 10:22:44.792  INFO 55232 --- [restartedMain] .s.d.r.c.RepositoryConfigurationDelegate : Bootstrapping Spring Data JPA repositories in DEFAULT mode.
2025-05-31 10:22:44.812  INFO 55232 --- [restartedMain] .s.d.r.c.RepositoryConfigurationDelegate : Finished Spring Data repository scanning in 18 ms. Found 2 JPA repository interfaces.
2025-05-31 10:22:46.979  INFO 55232 --- [restartedMain] o.s.b.w.embedded.tomcat.TomcatWebServer  : Tomcat initialized with port 8080 (http)
2025-05-31 10:22:47.017  INFO 55232 --- [restartedMain] o.apache.catalina.core.StandardService   : Starting service [Tomcat]
2025-05-31 10:22:47.017  INFO 55232 --- [restartedMain] o.apache.catalina.core.StandardEngine    : Starting Servlet engine: [Apache Tomcat/10.1.17]
2025-05-31 10:22:47.116  INFO 55232 --- [restartedMain] o.a.c.c.C.[Tomcat].[localhost].[/]       : Initializing Spring embedded WebApplicationContext
2025-05-31 10:22:47.116  INFO 55232 --- [restartedMain] w.s.c.ServletWebServerApplicationContext : Root WebApplicationContext: initialization completed in 3746 ms
2025-05-31 10:22:47.203  INFO 55232 --- [restartedMain] com.zaxxer.hikari.HikariDataSource       : HikariPool-1 - Starting...
2025-05-31 10:22:53.100  INFO 55232 --- [restartedMain] com.zaxxer.hikari.pool.HikariPool        : HikariPool-1 - Added connection com.mysql.cj.jdbc.ConnectionImpl@4d33872c
2025-05-31 10:22:53.116  INFO 55232 --- [restartedMain] com.zaxxer.hikari.HikariDataSource       : HikariPool-1 - Start completed.
2025-05-31 10:22:53.143  INFO 55232 --- [restartedMain] com.zaxxer.hikari.HikariDataSource       : HikariPool-2 - Starting...
2025-05-31 10:22:58.366  INFO 55232 --- [restartedMain] com.zaxxer.hikari.pool.HikariPool        : HikariPool-2 - Added connection com.mysql.cj.jdbc.ConnectionImpl@2e97468f
2025-05-31 10:22:58.368  INFO 55232 --- [restartedMain] com.zaxxer.hikari.HikariDataSource       : HikariPool-2 - Start completed.
2025-05-31 10:22:58.368  INFO 55232 --- [restartedMain] o.s.b.a.h2.H2ConsoleAutoConfiguration    : H2 console available at '/h2-console'. Databases available at 'jdbc:mysql://ap.loclx.io:31857/app_db', 'jdbc:mysql://ap.loclx.io:31857/notice_db'
2025-05-31 10:22:59.124  INFO 55232 --- [restartedMain] o.hibernate.jpa.internal.util.LogHelper  : HHH000204: Processing PersistenceUnitInfo [name: app]
2025-05-31 10:23:00.210  INFO 55232 --- [restartedMain] org.hibernate.Version                    : HHH000412: Hibernate ORM core version 6.4.1.Final
2025-05-31 10:23:00.433  INFO 55232 --- [restartedMain] o.h.c.internal.RegionFactoryInitiator    : HHH000026: Second-level cache disabled
2025-05-31 10:23:01.905  INFO 55232 --- [restartedMain] o.s.o.j.p.SpringPersistenceUnitInfo      : No LoadTimeWeaver setup: ignoring JPA class transformer
2025-05-31 10:23:03.612  WARN 55232 --- [restartedMain] org.hibernate.orm.deprecation            : HHH90000025: MySQLDialect does not need to be specified explicitly using 'hibernate.dialect' (remove the property setting and it will be selected by default)
2025-05-31 10:23:05.890  INFO 55232 --- [restartedMain] o.h.e.t.j.p.i.JtaPlatformInitiator       : HHH000489: No JTA platform available (set 'hibernate.transaction.jta.platform' to enable JTA platform integration)
2025-05-31 10:23:11.450  INFO 55232 --- [restartedMain] j.LocalContainerEntityManagerFactoryBean : Initialized JPA EntityManagerFactory for persistence unit 'app'
2025-05-31 10:23:11.478  INFO 55232 --- [restartedMain] o.hibernate.jpa.internal.util.LogHelper  : HHH000204: Processing PersistenceUnitInfo [name: notice]
2025-05-31 10:23:11.485  INFO 55232 --- [restartedMain] o.h.c.internal.RegionFactoryInitiator    : HHH000026: Second-level cache disabled
2025-05-31 10:23:11.517  INFO 55232 --- [restartedMain] o.s.o.j.p.SpringPersistenceUnitInfo      : No LoadTimeWeaver setup: ignoring JPA class transformer
2025-05-31 10:23:12.500  WARN 55232 --- [restartedMain] org.hibernate.orm.deprecation            : HHH90000025: MySQLDialect does not need to be specified explicitly using 'hibernate.dialect' (remove the property setting and it will be selected by default)
2025-05-31 10:23:12.611  INFO 55232 --- [restartedMain] o.h.e.t.j.p.i.JtaPlatformInitiator       : HHH000489: No JTA platform available (set 'hibernate.transaction.jta.platform' to enable JTA platform integration)
2025-05-31 10:23:14.543  INFO 55232 --- [restartedMain] j.LocalContainerEntityManagerFactoryBean : Initialized JPA EntityManagerFactory for persistence unit 'notice'
2025-05-31 10:23:15.288  INFO 55232 --- [restartedMain] o.s.d.j.r.query.QueryEnhancerFactory     : Hibernate is in classpath; If applicable, HQL parser will be used.
2025-05-31 10:23:16.567  WARN 55232 --- [restartedMain] JpaBaseConfiguration$JpaWebConfiguration : spring.jpa.open-in-view is enabled by default. Therefore, database queries may be performed during view rendering. Explicitly configure spring.jpa.open-in-view to disable this warning
2025-05-31 10:23:17.159  INFO 55232 --- [restartedMain] o.s.s.web.DefaultSecurityFilterChain     : Will secure any request with [org.springframework.security.web.session.DisableEncodeUrlFilter@5513ae23, org.springframework.security.web.context.request.async.WebAsyncManagerIntegrationFilter@41b1a6bb, org.springframework.security.web.context.SecurityContextHolderFilter@7b46fbb3, org.springframework.security.web.header.HeaderWriterFilter@247090b4, org.springframework.web.filter.CorsFilter@e695a04, org.springframework.security.web.csrf.CsrfFilter@69513ecd, org.springframework.security.web.authentication.logout.LogoutFilter@51d4a246, org.springframework.security.web.authentication.UsernamePasswordAuthenticationFilter@25375e09, org.springframework.security.web.savedrequest.RequestCacheAwareFilter@38f1770f, org.springframework.security.web.servletapi.SecurityContextHolderAwareRequestFilter@2853669d, org.springframework.security.web.authentication.AnonymousAuthenticationFilter@1832d5ae, org.springframework.security.web.access.ExceptionTranslationFilter@35bce64, org.springframework.security.web.access.intercept.AuthorizationFilter@67f96967]
2025-05-31 10:23:17.816  INFO 55232 --- [restartedMain] o.s.b.d.a.OptionalLiveReloadServer       : LiveReload server is running on port 35729
2025-05-31 10:23:17.876  INFO 55232 --- [restartedMain] o.s.b.w.embedded.tomcat.TomcatWebServer  : Tomcat started on port 8080 (http) with context path ''
2025-05-31 10:23:17.893  INFO 55232 --- [restartedMain] c.mysite.applyhome.ApplyHomeApplication  : Started ApplyHomeApplication in 36.088 seconds (process running for 37.046)
2025-05-31 10:23:24.751  INFO 55232 --- [http-nio-8080-exec-1] o.a.c.c.C.[Tomcat].[localhost].[/]       : Initializing Spring DispatcherServlet 'dispatcherServlet'
2025-05-31 10:23:24.751  INFO 55232 --- [http-nio-8080-exec-1] o.s.web.servlet.DispatcherServlet        : Initializing Servlet 'dispatcherServlet'
2025-05-31 10:23:24.753  INFO 55232 --- [http-nio-8080-exec-1] o.s.web.servlet.DispatcherServlet        : Completed initialization in 2 ms
2025-05-31 10:24:20.614 DEBUG 55232 --- [http-nio-8080-exec-7] org.hibernate.SQL                        : 
    select
        u1_0.user_id,
        u1_0.resident_registration_number,
        u1_0.user_login_id,
        u1_0.user_password_hash 
    from
        Users u1_0 
    where
        u1_0.user_login_id=?
2025-05-31 10:24:21.641 DEBUG 55232 --- [http-nio-8080-exec-7] org.hibernate.SQL                        : 
    select
        pp1_0.personal_id,
        pp1_0.created_at,
        pp1_0.marriage_status,
        pp1_0.name,
        pp1_0.personal_name,
        pp1_0.personal_birth_date,
        pp1_0.resident_registration_number,
        pp1_0.updated_at 
    from
        Personal_Profiles pp1_0 
    where
        pp1_0.resident_registration_number=?
2025-05-31 10:24:23.012 DEBUG 55232 --- [http-nio-8080-exec-8] org.hibernate.SQL                        : 
    select
        hse1_0.eligibility_id,
        hse1_0.eligibility_prime_type,
        hse1_0.eligibility_sub_type,
        hse1_0.last_assessment_date,
        hse1_0.resident_registration_number 
    from
        Housing_Subscription_Eligibility hse1_0 
    where
        hse1_0.resident_registration_number=? 
    order by
        hse1_0.last_assessment_date desc 
    limit
        1
2025-05-31 10:24:23.552 DEBUG 55232 --- [http-nio-8080-exec-8] org.hibernate.SQL                        : 
    select
        pp1_0.personal_id,
        pp1_0.created_at,
        pp1_0.marriage_status,
        pp1_0.name,
        pp1_0.personal_name,
        pp1_0.personal_birth_date,
        pp1_0.resident_registration_number,
        pp1_0.updated_at 
    from
        Personal_Profiles pp1_0 
    where
        pp1_0.resident_registration_number=?
2025-05-31 10:24:39.436 DEBUG 55232 --- [http-nio-8080-exec-1] org.hibernate.SQL                        : 
    select
        hse1_0.eligibility_id,
        hse1_0.eligibility_prime_type,
        hse1_0.eligibility_sub_type,
        hse1_0.last_assessment_date,
        hse1_0.resident_registration_number 
    from
        Housing_Subscription_Eligibility hse1_0 
    where
        hse1_0.resident_registration_number=? 
    order by
        hse1_0.last_assessment_date desc 
    limit
        1
2025-05-31 10:24:40.054 DEBUG 55232 --- [http-nio-8080-exec-1] org.hibernate.SQL                        : 
    select
        pp1_0.personal_id,
        pp1_0.created_at,
        pp1_0.marriage_status,
        pp1_0.name,
        pp1_0.personal_name,
        pp1_0.personal_birth_date,
        pp1_0.resident_registration_number,
        pp1_0.updated_at 
    from
        Personal_Profiles pp1_0 
    where
        pp1_0.resident_registration_number=?
2025-05-31 10:24:43.541 DEBUG 55232 --- [http-nio-8080-exec-1] org.hibernate.SQL                        : 
    select
        n1_0.id,
        n1_0.application_end_date,
        n1_0.is_correction,
        n1_0.location,
        n1_0.notice_number,
        n1_0.notice_status,
        n1_0.notice_title,
        n1_0.post_date 
    from
        notices n1_0 
    order by
        n1_0.post_date desc 
    limit
        ?, ?
2025-05-31 10:24:44.170 DEBUG 55232 --- [http-nio-8080-exec-1] org.hibernate.SQL                        : 
    select
        count(n1_0.id) 
    from
        notices n1_0
2025-05-31 10:26:26.345 DEBUG 55232 --- [http-nio-8080-exec-7] org.hibernate.SQL                        : 
    select
        hse1_0.eligibility_id,
        hse1_0.eligibility_prime_type,
        hse1_0.eligibility_sub_type,
        hse1_0.last_assessment_date,
        hse1_0.resident_registration_number 
    from
        Housing_Subscription_Eligibility hse1_0 
    where
        hse1_0.resident_registration_number=? 
    order by
        hse1_0.last_assessment_date desc 
    limit
        1
2025-05-31 10:26:26.855 DEBUG 55232 --- [http-nio-8080-exec-7] org.hibernate.SQL                        : 
    select
        pp1_0.personal_id,
        pp1_0.created_at,
        pp1_0.marriage_status,
        pp1_0.name,
        pp1_0.personal_name,
        pp1_0.personal_birth_date,
        pp1_0.resident_registration_number,
        pp1_0.updated_at 
    from
        Personal_Profiles pp1_0 
    where
        pp1_0.resident_registration_number=?
2025-05-31 10:26:48.115 DEBUG 55232 --- [http-nio-8080-exec-10] org.hibernate.SQL                        : 
    select
        hse1_0.eligibility_id,
        hse1_0.eligibility_prime_type,
        hse1_0.eligibility_sub_type,
        hse1_0.last_assessment_date,
        hse1_0.resident_registration_number 
    from
        Housing_Subscription_Eligibility hse1_0 
    where
        hse1_0.resident_registration_number=? 
    order by
        hse1_0.last_assessment_date desc 
    limit
        1
2025-05-31 10:26:48.595 DEBUG 55232 --- [http-nio-8080-exec-10] org.hibernate.SQL                        : 
    select
        pp1_0.personal_id,
        pp1_0.created_at,
        pp1_0.marriage_status,
        pp1_0.name,
        pp1_0.personal_name,
        pp1_0.personal_birth_date,
        pp1_0.resident_registration_number,
        pp1_0.updated_at 
    from
        Personal_Profiles pp1_0 
    where
        pp1_0.resident_registration_number=?
2025-05-31 10:27:38.390 DEBUG 55232 --- [http-nio-8080-exec-1] org.hibernate.SQL                        : 
    select
        hse1_0.eligibility_id,
        hse1_0.eligibility_prime_type,
        hse1_0.eligibility_sub_type,
        hse1_0.last_assessment_date,
        hse1_0.resident_registration_number 
    from
        Housing_Subscription_Eligibility hse1_0 
    where
        hse1_0.resident_registration_number=? 
    order by
        hse1_0.last_assessment_date desc 
    limit
        1
2025-05-31 10:27:38.877 DEBUG 55232 --- [http-nio-8080-exec-1] org.hibernate.SQL                        : 
    select
        pp1_0.personal_id,
        pp1_0.created_at,
        pp1_0.marriage_status,
        pp1_0.name,
        pp1_0.personal_name,
        pp1_0.personal_birth_date,
        pp1_0.resident_registration_number,
        pp1_0.updated_at 
    from
        Personal_Profiles pp1_0 
    where
        pp1_0.resident_registration_number=?
2025-05-31 10:28:08.439 DEBUG 55232 --- [http-nio-8080-exec-4] org.hibernate.SQL                        : 
    select
        hse1_0.eligibility_id,
        hse1_0.eligibility_prime_type,
        hse1_0.eligibility_sub_type,
        hse1_0.last_assessment_date,
        hse1_0.resident_registration_number 
    from
        Housing_Subscription_Eligibility hse1_0 
    where
        hse1_0.resident_registration_number=? 
    order by
        hse1_0.last_assessment_date desc 
    limit
        1
2025-05-31 10:28:08.950 DEBUG 55232 --- [http-nio-8080-exec-4] org.hibernate.SQL                        : 
    select
        pp1_0.personal_id,
        pp1_0.created_at,
        pp1_0.marriage_status,
        pp1_0.name,
        pp1_0.personal_name,
        pp1_0.personal_birth_date,
        pp1_0.resident_registration_number,
        pp1_0.updated_at 
    from
        Personal_Profiles pp1_0 
    where
        pp1_0.resident_registration_number=?
2025-05-31 10:35:34.494 DEBUG 55232 --- [http-nio-8080-exec-2] org.hibernate.SQL                        : 
    select
        hse1_0.eligibility_id,
        hse1_0.eligibility_prime_type,
        hse1_0.eligibility_sub_type,
        hse1_0.last_assessment_date,
        hse1_0.resident_registration_number 
    from
        Housing_Subscription_Eligibility hse1_0 
    where
        hse1_0.resident_registration_number=? 
    order by
        hse1_0.last_assessment_date desc 
    limit
        1
2025-05-31 10:35:34.995 DEBUG 55232 --- [http-nio-8080-exec-2] org.hibernate.SQL                        : 
    select
        pp1_0.personal_id,
        pp1_0.created_at,
        pp1_0.marriage_status,
        pp1_0.name,
        pp1_0.personal_name,
        pp1_0.personal_birth_date,
        pp1_0.resident_registration_number,
        pp1_0.updated_at 
    from
        Personal_Profiles pp1_0 
    where
        pp1_0.resident_registration_number=?
2025-05-31 10:35:38.077 DEBUG 55232 --- [http-nio-8080-exec-2] org.hibernate.SQL                        : 
    select
        n1_0.id,
        n1_0.application_end_date,
        n1_0.is_correction,
        n1_0.location,
        n1_0.notice_number,
        n1_0.notice_status,
        n1_0.notice_title,
        n1_0.post_date 
    from
        notices n1_0 
    order by
        n1_0.post_date desc 
    limit
        ?, ?
2025-05-31 10:35:38.593 DEBUG 55232 --- [http-nio-8080-exec-2] org.hibernate.SQL                        : 
    select
        count(n1_0.id) 
    from
        notices n1_0
2025-05-31 10:35:45.146 DEBUG 55232 --- [http-nio-8080-exec-5] org.hibernate.SQL                        : 
    select
        hse1_0.eligibility_id,
        hse1_0.eligibility_prime_type,
        hse1_0.eligibility_sub_type,
        hse1_0.last_assessment_date,
        hse1_0.resident_registration_number 
    from
        Housing_Subscription_Eligibility hse1_0 
    where
        hse1_0.resident_registration_number=? 
    order by
        hse1_0.last_assessment_date desc 
    limit
        1
2025-05-31 10:35:45.656 DEBUG 55232 --- [http-nio-8080-exec-5] org.hibernate.SQL                        : 
    select
        pp1_0.personal_id,
        pp1_0.created_at,
        pp1_0.marriage_status,
        pp1_0.name,
        pp1_0.personal_name,
        pp1_0.personal_birth_date,
        pp1_0.resident_registration_number,
        pp1_0.updated_at 
    from
        Personal_Profiles pp1_0 
    where
        pp1_0.resident_registration_number=?
2025-05-31 10:35:46.888 DEBUG 55232 --- [http-nio-8080-exec-6] org.hibernate.SQL                        : 
    select
        hse1_0.eligibility_id,
        hse1_0.eligibility_prime_type,
        hse1_0.eligibility_sub_type,
        hse1_0.last_assessment_date,
        hse1_0.resident_registration_number 
    from
        Housing_Subscription_Eligibility hse1_0 
    where
        hse1_0.resident_registration_number=? 
    order by
        hse1_0.last_assessment_date desc 
    limit
        1
2025-05-31 10:35:47.394 DEBUG 55232 --- [http-nio-8080-exec-6] org.hibernate.SQL                        : 
    select
        pp1_0.personal_id,
        pp1_0.created_at,
        pp1_0.marriage_status,
        pp1_0.name,
        pp1_0.personal_name,
        pp1_0.personal_birth_date,
        pp1_0.resident_registration_number,
        pp1_0.updated_at 
    from
        Personal_Profiles pp1_0 
    where
        pp1_0.resident_registration_number=?
2025-05-31 10:35:49.414 DEBUG 55232 --- [http-nio-8080-exec-4] org.hibernate.SQL                        : 
    select
        hse1_0.eligibility_id,
        hse1_0.eligibility_prime_type,
        hse1_0.eligibility_sub_type,
        hse1_0.last_assessment_date,
        hse1_0.resident_registration_number 
    from
        Housing_Subscription_Eligibility hse1_0 
    where
        hse1_0.resident_registration_number=? 
    order by
        hse1_0.last_assessment_date desc 
    limit
        1
2025-05-31 10:35:49.954 DEBUG 55232 --- [http-nio-8080-exec-4] org.hibernate.SQL                        : 
    select
        pp1_0.personal_id,
        pp1_0.created_at,
        pp1_0.marriage_status,
        pp1_0.name,
        pp1_0.personal_name,
        pp1_0.personal_birth_date,
        pp1_0.resident_registration_number,
        pp1_0.updated_at 
    from
        Personal_Profiles pp1_0 
    where
        pp1_0.resident_registration_number=?
