[2025-05-08T15:03:25.573+0900] {processor.py:161} INFO - Started process (PID=199) to work on /opt/airflow/dags/process_existing_pdfs.py
[2025-05-08T15:03:25.575+0900] {processor.py:830} INFO - Processing file /opt/airflow/dags/process_existing_pdfs.py for tasks to queue
[2025-05-08T15:03:25.578+0900] {logging_mixin.py:188} INFO - [2025-05-08T15:03:25.577+0900] {dagbag.py:545} INFO - Filling up the DagBag from /opt/airflow/dags/process_existing_pdfs.py
[2025-05-08T15:03:25.628+0900] {processor.py:840} INFO - DAG(s) 'process_existing_pdf_files' retrieved from /opt/airflow/dags/process_existing_pdfs.py
[2025-05-08T15:03:26.113+0900] {logging_mixin.py:188} INFO - [2025-05-08T15:03:26.112+0900] {dag.py:3096} INFO - Sync 1 DAGs
[2025-05-08T15:03:26.134+0900] {logging_mixin.py:188} INFO - [2025-05-08T15:03:26.133+0900] {dag.py:3954} INFO - Setting next_dagrun for process_existing_pdf_files to None, run_after=None
[2025-05-08T15:03:26.275+0900] {processor.py:183} INFO - Processing /opt/airflow/dags/process_existing_pdfs.py took 0.710 seconds
[2025-05-08T15:03:57.001+0900] {processor.py:161} INFO - Started process (PID=209) to work on /opt/airflow/dags/process_existing_pdfs.py
[2025-05-08T15:03:57.003+0900] {processor.py:830} INFO - Processing file /opt/airflow/dags/process_existing_pdfs.py for tasks to queue
[2025-05-08T15:03:57.007+0900] {logging_mixin.py:188} INFO - [2025-05-08T15:03:57.006+0900] {dagbag.py:545} INFO - Filling up the DagBag from /opt/airflow/dags/process_existing_pdfs.py
[2025-05-08T15:03:57.049+0900] {processor.py:840} INFO - DAG(s) 'process_existing_pdf_files' retrieved from /opt/airflow/dags/process_existing_pdfs.py
[2025-05-08T15:03:57.094+0900] {logging_mixin.py:188} INFO - [2025-05-08T15:03:57.093+0900] {dag.py:3096} INFO - Sync 1 DAGs
[2025-05-08T15:03:57.117+0900] {logging_mixin.py:188} INFO - [2025-05-08T15:03:57.117+0900] {dag.py:3954} INFO - Setting next_dagrun for process_existing_pdf_files to None, run_after=None
[2025-05-08T15:03:57.181+0900] {processor.py:183} INFO - Processing /opt/airflow/dags/process_existing_pdfs.py took 0.196 seconds
[2025-05-08T15:04:28.245+0900] {processor.py:161} INFO - Started process (PID=219) to work on /opt/airflow/dags/process_existing_pdfs.py
[2025-05-08T15:04:28.246+0900] {processor.py:830} INFO - Processing file /opt/airflow/dags/process_existing_pdfs.py for tasks to queue
[2025-05-08T15:04:28.249+0900] {logging_mixin.py:188} INFO - [2025-05-08T15:04:28.249+0900] {dagbag.py:545} INFO - Filling up the DagBag from /opt/airflow/dags/process_existing_pdfs.py
[2025-05-08T15:04:28.303+0900] {processor.py:840} INFO - DAG(s) 'process_existing_pdf_files' retrieved from /opt/airflow/dags/process_existing_pdfs.py
[2025-05-08T15:04:28.345+0900] {logging_mixin.py:188} INFO - [2025-05-08T15:04:28.344+0900] {dag.py:3096} INFO - Sync 1 DAGs
[2025-05-08T15:04:28.370+0900] {logging_mixin.py:188} INFO - [2025-05-08T15:04:28.370+0900] {dag.py:3954} INFO - Setting next_dagrun for process_existing_pdf_files to None, run_after=None
[2025-05-08T15:04:28.426+0900] {processor.py:183} INFO - Processing /opt/airflow/dags/process_existing_pdfs.py took 0.195 seconds
[2025-05-08T15:04:58.556+0900] {processor.py:161} INFO - Started process (PID=226) to work on /opt/airflow/dags/process_existing_pdfs.py
[2025-05-08T15:04:58.557+0900] {processor.py:830} INFO - Processing file /opt/airflow/dags/process_existing_pdfs.py for tasks to queue
[2025-05-08T15:04:58.561+0900] {logging_mixin.py:188} INFO - [2025-05-08T15:04:58.561+0900] {dagbag.py:545} INFO - Filling up the DagBag from /opt/airflow/dags/process_existing_pdfs.py
[2025-05-08T15:04:58.603+0900] {processor.py:840} INFO - DAG(s) 'process_existing_pdf_files' retrieved from /opt/airflow/dags/process_existing_pdfs.py
[2025-05-08T15:04:58.647+0900] {logging_mixin.py:188} INFO - [2025-05-08T15:04:58.646+0900] {dag.py:3096} INFO - Sync 1 DAGs
[2025-05-08T15:04:58.670+0900] {logging_mixin.py:188} INFO - [2025-05-08T15:04:58.669+0900] {dag.py:3954} INFO - Setting next_dagrun for process_existing_pdf_files to None, run_after=None
[2025-05-08T15:04:58.746+0900] {processor.py:183} INFO - Processing /opt/airflow/dags/process_existing_pdfs.py took 0.202 seconds
[2025-05-08T15:05:29.115+0900] {processor.py:161} INFO - Started process (PID=236) to work on /opt/airflow/dags/process_existing_pdfs.py
[2025-05-08T15:05:29.117+0900] {processor.py:830} INFO - Processing file /opt/airflow/dags/process_existing_pdfs.py for tasks to queue
[2025-05-08T15:05:29.120+0900] {logging_mixin.py:188} INFO - [2025-05-08T15:05:29.119+0900] {dagbag.py:545} INFO - Filling up the DagBag from /opt/airflow/dags/process_existing_pdfs.py
[2025-05-08T15:05:29.160+0900] {processor.py:840} INFO - DAG(s) 'process_existing_pdf_files' retrieved from /opt/airflow/dags/process_existing_pdfs.py
[2025-05-08T15:05:29.205+0900] {logging_mixin.py:188} INFO - [2025-05-08T15:05:29.205+0900] {dag.py:3096} INFO - Sync 1 DAGs
[2025-05-08T15:05:29.228+0900] {logging_mixin.py:188} INFO - [2025-05-08T15:05:29.228+0900] {dag.py:3954} INFO - Setting next_dagrun for process_existing_pdf_files to None, run_after=None
[2025-05-08T15:05:29.279+0900] {processor.py:183} INFO - Processing /opt/airflow/dags/process_existing_pdfs.py took 0.174 seconds
[2025-05-08T15:05:59.384+0900] {processor.py:161} INFO - Started process (PID=246) to work on /opt/airflow/dags/process_existing_pdfs.py
[2025-05-08T15:05:59.386+0900] {processor.py:830} INFO - Processing file /opt/airflow/dags/process_existing_pdfs.py for tasks to queue
[2025-05-08T15:05:59.389+0900] {logging_mixin.py:188} INFO - [2025-05-08T15:05:59.388+0900] {dagbag.py:545} INFO - Filling up the DagBag from /opt/airflow/dags/process_existing_pdfs.py
[2025-05-08T15:05:59.434+0900] {processor.py:840} INFO - DAG(s) 'process_existing_pdf_files' retrieved from /opt/airflow/dags/process_existing_pdfs.py
[2025-05-08T15:05:59.483+0900] {logging_mixin.py:188} INFO - [2025-05-08T15:05:59.482+0900] {dag.py:3096} INFO - Sync 1 DAGs
[2025-05-08T15:05:59.506+0900] {logging_mixin.py:188} INFO - [2025-05-08T15:05:59.505+0900] {dag.py:3954} INFO - Setting next_dagrun for process_existing_pdf_files to None, run_after=None
[2025-05-08T15:05:59.561+0900] {processor.py:183} INFO - Processing /opt/airflow/dags/process_existing_pdfs.py took 0.188 seconds
[2025-05-08T15:06:30.659+0900] {processor.py:161} INFO - Started process (PID=256) to work on /opt/airflow/dags/process_existing_pdfs.py
[2025-05-08T15:06:30.660+0900] {processor.py:830} INFO - Processing file /opt/airflow/dags/process_existing_pdfs.py for tasks to queue
[2025-05-08T15:06:30.663+0900] {logging_mixin.py:188} INFO - [2025-05-08T15:06:30.663+0900] {dagbag.py:545} INFO - Filling up the DagBag from /opt/airflow/dags/process_existing_pdfs.py
[2025-05-08T15:06:30.707+0900] {processor.py:840} INFO - DAG(s) 'process_existing_pdf_files' retrieved from /opt/airflow/dags/process_existing_pdfs.py
[2025-05-08T15:06:30.760+0900] {logging_mixin.py:188} INFO - [2025-05-08T15:06:30.759+0900] {dag.py:3096} INFO - Sync 1 DAGs
[2025-05-08T15:06:30.784+0900] {logging_mixin.py:188} INFO - [2025-05-08T15:06:30.783+0900] {dag.py:3954} INFO - Setting next_dagrun for process_existing_pdf_files to None, run_after=None
[2025-05-08T15:06:30.831+0900] {processor.py:183} INFO - Processing /opt/airflow/dags/process_existing_pdfs.py took 0.183 seconds
[2025-05-08T15:07:01.066+0900] {processor.py:161} INFO - Started process (PID=266) to work on /opt/airflow/dags/process_existing_pdfs.py
[2025-05-08T15:07:01.068+0900] {processor.py:830} INFO - Processing file /opt/airflow/dags/process_existing_pdfs.py for tasks to queue
[2025-05-08T15:07:01.071+0900] {logging_mixin.py:188} INFO - [2025-05-08T15:07:01.071+0900] {dagbag.py:545} INFO - Filling up the DagBag from /opt/airflow/dags/process_existing_pdfs.py
[2025-05-08T15:07:01.123+0900] {processor.py:840} INFO - DAG(s) 'process_existing_pdf_files' retrieved from /opt/airflow/dags/process_existing_pdfs.py
[2025-05-08T15:07:01.170+0900] {logging_mixin.py:188} INFO - [2025-05-08T15:07:01.170+0900] {dag.py:3096} INFO - Sync 1 DAGs
[2025-05-08T15:07:01.195+0900] {logging_mixin.py:188} INFO - [2025-05-08T15:07:01.194+0900] {dag.py:3954} INFO - Setting next_dagrun for process_existing_pdf_files to None, run_after=None
[2025-05-08T15:07:01.269+0900] {processor.py:183} INFO - Processing /opt/airflow/dags/process_existing_pdfs.py took 0.220 seconds
[2025-05-08T15:07:31.428+0900] {processor.py:161} INFO - Started process (PID=276) to work on /opt/airflow/dags/process_existing_pdfs.py
[2025-05-08T15:07:31.430+0900] {processor.py:830} INFO - Processing file /opt/airflow/dags/process_existing_pdfs.py for tasks to queue
[2025-05-08T15:07:31.433+0900] {logging_mixin.py:188} INFO - [2025-05-08T15:07:31.433+0900] {dagbag.py:545} INFO - Filling up the DagBag from /opt/airflow/dags/process_existing_pdfs.py
[2025-05-08T15:07:31.481+0900] {processor.py:840} INFO - DAG(s) 'process_existing_pdf_files' retrieved from /opt/airflow/dags/process_existing_pdfs.py
[2025-05-08T15:07:31.525+0900] {logging_mixin.py:188} INFO - [2025-05-08T15:07:31.524+0900] {dag.py:3096} INFO - Sync 1 DAGs
[2025-05-08T15:07:31.547+0900] {logging_mixin.py:188} INFO - [2025-05-08T15:07:31.547+0900] {dag.py:3954} INFO - Setting next_dagrun for process_existing_pdf_files to None, run_after=None
[2025-05-08T15:07:31.611+0900] {processor.py:183} INFO - Processing /opt/airflow/dags/process_existing_pdfs.py took 0.196 seconds
[2025-05-08T15:08:01.932+0900] {processor.py:161} INFO - Started process (PID=286) to work on /opt/airflow/dags/process_existing_pdfs.py
[2025-05-08T15:08:01.933+0900] {processor.py:830} INFO - Processing file /opt/airflow/dags/process_existing_pdfs.py for tasks to queue
[2025-05-08T15:08:01.936+0900] {logging_mixin.py:188} INFO - [2025-05-08T15:08:01.936+0900] {dagbag.py:545} INFO - Filling up the DagBag from /opt/airflow/dags/process_existing_pdfs.py
[2025-05-08T15:08:01.979+0900] {processor.py:840} INFO - DAG(s) 'process_existing_pdf_files' retrieved from /opt/airflow/dags/process_existing_pdfs.py
[2025-05-08T15:08:02.024+0900] {logging_mixin.py:188} INFO - [2025-05-08T15:08:02.023+0900] {dag.py:3096} INFO - Sync 1 DAGs
[2025-05-08T15:08:02.045+0900] {logging_mixin.py:188} INFO - [2025-05-08T15:08:02.045+0900] {dag.py:3954} INFO - Setting next_dagrun for process_existing_pdf_files to None, run_after=None
[2025-05-08T15:08:02.097+0900] {processor.py:183} INFO - Processing /opt/airflow/dags/process_existing_pdfs.py took 0.176 seconds
[2025-05-08T15:08:32.994+0900] {processor.py:161} INFO - Started process (PID=299) to work on /opt/airflow/dags/process_existing_pdfs.py
[2025-05-08T15:08:32.995+0900] {processor.py:830} INFO - Processing file /opt/airflow/dags/process_existing_pdfs.py for tasks to queue
[2025-05-08T15:08:32.999+0900] {logging_mixin.py:188} INFO - [2025-05-08T15:08:32.998+0900] {dagbag.py:545} INFO - Filling up the DagBag from /opt/airflow/dags/process_existing_pdfs.py
[2025-05-08T15:08:33.044+0900] {processor.py:840} INFO - DAG(s) 'process_existing_pdf_files' retrieved from /opt/airflow/dags/process_existing_pdfs.py
[2025-05-08T15:08:33.102+0900] {logging_mixin.py:188} INFO - [2025-05-08T15:08:33.102+0900] {dag.py:3096} INFO - Sync 1 DAGs
[2025-05-08T15:08:33.139+0900] {logging_mixin.py:188} INFO - [2025-05-08T15:08:33.139+0900] {dag.py:3954} INFO - Setting next_dagrun for process_existing_pdf_files to None, run_after=None
[2025-05-08T15:08:33.214+0900] {processor.py:183} INFO - Processing /opt/airflow/dags/process_existing_pdfs.py took 0.229 seconds
[2025-05-08T15:09:04.332+0900] {processor.py:161} INFO - Started process (PID=309) to work on /opt/airflow/dags/process_existing_pdfs.py
[2025-05-08T15:09:04.334+0900] {processor.py:830} INFO - Processing file /opt/airflow/dags/process_existing_pdfs.py for tasks to queue
[2025-05-08T15:09:04.337+0900] {logging_mixin.py:188} INFO - [2025-05-08T15:09:04.336+0900] {dagbag.py:545} INFO - Filling up the DagBag from /opt/airflow/dags/process_existing_pdfs.py
[2025-05-08T15:09:04.381+0900] {processor.py:840} INFO - DAG(s) 'process_existing_pdf_files' retrieved from /opt/airflow/dags/process_existing_pdfs.py
[2025-05-08T15:09:04.425+0900] {logging_mixin.py:188} INFO - [2025-05-08T15:09:04.425+0900] {dag.py:3096} INFO - Sync 1 DAGs
[2025-05-08T15:09:04.449+0900] {logging_mixin.py:188} INFO - [2025-05-08T15:09:04.449+0900] {dag.py:3954} INFO - Setting next_dagrun for process_existing_pdf_files to None, run_after=None
[2025-05-08T15:09:04.499+0900] {processor.py:183} INFO - Processing /opt/airflow/dags/process_existing_pdfs.py took 0.177 seconds
[2025-05-08T15:09:35.602+0900] {processor.py:161} INFO - Started process (PID=319) to work on /opt/airflow/dags/process_existing_pdfs.py
[2025-05-08T15:09:35.603+0900] {processor.py:830} INFO - Processing file /opt/airflow/dags/process_existing_pdfs.py for tasks to queue
[2025-05-08T15:09:35.606+0900] {logging_mixin.py:188} INFO - [2025-05-08T15:09:35.606+0900] {dagbag.py:545} INFO - Filling up the DagBag from /opt/airflow/dags/process_existing_pdfs.py
[2025-05-08T15:09:35.644+0900] {processor.py:840} INFO - DAG(s) 'process_existing_pdf_files' retrieved from /opt/airflow/dags/process_existing_pdfs.py
[2025-05-08T15:09:35.683+0900] {logging_mixin.py:188} INFO - [2025-05-08T15:09:35.683+0900] {dag.py:3096} INFO - Sync 1 DAGs
[2025-05-08T15:09:35.704+0900] {logging_mixin.py:188} INFO - [2025-05-08T15:09:35.704+0900] {dag.py:3954} INFO - Setting next_dagrun for process_existing_pdf_files to None, run_after=None
[2025-05-08T15:09:35.758+0900] {processor.py:183} INFO - Processing /opt/airflow/dags/process_existing_pdfs.py took 0.165 seconds
[2025-05-08T15:10:06.820+0900] {processor.py:161} INFO - Started process (PID=329) to work on /opt/airflow/dags/process_existing_pdfs.py
[2025-05-08T15:10:06.822+0900] {processor.py:830} INFO - Processing file /opt/airflow/dags/process_existing_pdfs.py for tasks to queue
[2025-05-08T15:10:06.827+0900] {logging_mixin.py:188} INFO - [2025-05-08T15:10:06.826+0900] {dagbag.py:545} INFO - Filling up the DagBag from /opt/airflow/dags/process_existing_pdfs.py
[2025-05-08T15:10:06.878+0900] {processor.py:840} INFO - DAG(s) 'process_existing_pdf_files' retrieved from /opt/airflow/dags/process_existing_pdfs.py
[2025-05-08T15:10:06.922+0900] {logging_mixin.py:188} INFO - [2025-05-08T15:10:06.921+0900] {dag.py:3096} INFO - Sync 1 DAGs
[2025-05-08T15:10:06.948+0900] {logging_mixin.py:188} INFO - [2025-05-08T15:10:06.947+0900] {dag.py:3954} INFO - Setting next_dagrun for process_existing_pdf_files to None, run_after=None
[2025-05-08T15:10:07.219+0900] {processor.py:183} INFO - Processing /opt/airflow/dags/process_existing_pdfs.py took 0.415 seconds
[2025-05-08T15:10:37.316+0900] {processor.py:161} INFO - Started process (PID=336) to work on /opt/airflow/dags/process_existing_pdfs.py
[2025-05-08T15:10:37.317+0900] {processor.py:830} INFO - Processing file /opt/airflow/dags/process_existing_pdfs.py for tasks to queue
[2025-05-08T15:10:37.320+0900] {logging_mixin.py:188} INFO - [2025-05-08T15:10:37.320+0900] {dagbag.py:545} INFO - Filling up the DagBag from /opt/airflow/dags/process_existing_pdfs.py
[2025-05-08T15:10:37.361+0900] {processor.py:840} INFO - DAG(s) 'process_existing_pdf_files' retrieved from /opt/airflow/dags/process_existing_pdfs.py
[2025-05-08T15:10:37.402+0900] {logging_mixin.py:188} INFO - [2025-05-08T15:10:37.401+0900] {dag.py:3096} INFO - Sync 1 DAGs
[2025-05-08T15:10:37.424+0900] {logging_mixin.py:188} INFO - [2025-05-08T15:10:37.424+0900] {dag.py:3954} INFO - Setting next_dagrun for process_existing_pdf_files to None, run_after=None
[2025-05-08T15:10:37.476+0900] {processor.py:183} INFO - Processing /opt/airflow/dags/process_existing_pdfs.py took 0.170 seconds
[2025-05-08T15:11:07.756+0900] {processor.py:161} INFO - Started process (PID=346) to work on /opt/airflow/dags/process_existing_pdfs.py
[2025-05-08T15:11:07.758+0900] {processor.py:830} INFO - Processing file /opt/airflow/dags/process_existing_pdfs.py for tasks to queue
[2025-05-08T15:11:07.761+0900] {logging_mixin.py:188} INFO - [2025-05-08T15:11:07.761+0900] {dagbag.py:545} INFO - Filling up the DagBag from /opt/airflow/dags/process_existing_pdfs.py
[2025-05-08T15:11:07.814+0900] {processor.py:840} INFO - DAG(s) 'process_existing_pdf_files' retrieved from /opt/airflow/dags/process_existing_pdfs.py
[2025-05-08T15:11:07.862+0900] {logging_mixin.py:188} INFO - [2025-05-08T15:11:07.862+0900] {dag.py:3096} INFO - Sync 1 DAGs
[2025-05-08T15:11:07.886+0900] {logging_mixin.py:188} INFO - [2025-05-08T15:11:07.886+0900] {dag.py:3954} INFO - Setting next_dagrun for process_existing_pdf_files to None, run_after=None
[2025-05-08T15:11:07.942+0900] {processor.py:183} INFO - Processing /opt/airflow/dags/process_existing_pdfs.py took 0.197 seconds
[2025-05-08T15:11:38.058+0900] {processor.py:161} INFO - Started process (PID=356) to work on /opt/airflow/dags/process_existing_pdfs.py
[2025-05-08T15:11:38.061+0900] {processor.py:830} INFO - Processing file /opt/airflow/dags/process_existing_pdfs.py for tasks to queue
[2025-05-08T15:11:38.064+0900] {logging_mixin.py:188} INFO - [2025-05-08T15:11:38.064+0900] {dagbag.py:545} INFO - Filling up the DagBag from /opt/airflow/dags/process_existing_pdfs.py
[2025-05-08T15:11:38.109+0900] {processor.py:840} INFO - DAG(s) 'process_existing_pdf_files' retrieved from /opt/airflow/dags/process_existing_pdfs.py
[2025-05-08T15:11:38.153+0900] {logging_mixin.py:188} INFO - [2025-05-08T15:11:38.152+0900] {dag.py:3096} INFO - Sync 1 DAGs
[2025-05-08T15:11:38.176+0900] {logging_mixin.py:188} INFO - [2025-05-08T15:11:38.175+0900] {dag.py:3954} INFO - Setting next_dagrun for process_existing_pdf_files to None, run_after=None
[2025-05-08T15:11:38.224+0900] {processor.py:183} INFO - Processing /opt/airflow/dags/process_existing_pdfs.py took 0.183 seconds
[2025-05-08T15:12:09.212+0900] {processor.py:161} INFO - Started process (PID=366) to work on /opt/airflow/dags/process_existing_pdfs.py
[2025-05-08T15:12:09.213+0900] {processor.py:830} INFO - Processing file /opt/airflow/dags/process_existing_pdfs.py for tasks to queue
[2025-05-08T15:12:09.217+0900] {logging_mixin.py:188} INFO - [2025-05-08T15:12:09.216+0900] {dagbag.py:545} INFO - Filling up the DagBag from /opt/airflow/dags/process_existing_pdfs.py
[2025-05-08T15:12:09.260+0900] {processor.py:840} INFO - DAG(s) 'process_existing_pdf_files' retrieved from /opt/airflow/dags/process_existing_pdfs.py
[2025-05-08T15:12:09.301+0900] {logging_mixin.py:188} INFO - [2025-05-08T15:12:09.300+0900] {dag.py:3096} INFO - Sync 1 DAGs
[2025-05-08T15:12:09.329+0900] {logging_mixin.py:188} INFO - [2025-05-08T15:12:09.329+0900] {dag.py:3954} INFO - Setting next_dagrun for process_existing_pdf_files to None, run_after=None
[2025-05-08T15:12:09.390+0900] {processor.py:183} INFO - Processing /opt/airflow/dags/process_existing_pdfs.py took 0.187 seconds
[2025-05-08T15:12:40.177+0900] {processor.py:161} INFO - Started process (PID=379) to work on /opt/airflow/dags/process_existing_pdfs.py
[2025-05-08T15:12:40.178+0900] {processor.py:830} INFO - Processing file /opt/airflow/dags/process_existing_pdfs.py for tasks to queue
[2025-05-08T15:12:40.182+0900] {logging_mixin.py:188} INFO - [2025-05-08T15:12:40.181+0900] {dagbag.py:545} INFO - Filling up the DagBag from /opt/airflow/dags/process_existing_pdfs.py
[2025-05-08T15:12:40.224+0900] {processor.py:840} INFO - DAG(s) 'process_existing_pdf_files' retrieved from /opt/airflow/dags/process_existing_pdfs.py
[2025-05-08T15:12:40.266+0900] {logging_mixin.py:188} INFO - [2025-05-08T15:12:40.266+0900] {dag.py:3096} INFO - Sync 1 DAGs
[2025-05-08T15:12:40.289+0900] {logging_mixin.py:188} INFO - [2025-05-08T15:12:40.289+0900] {dag.py:3954} INFO - Setting next_dagrun for process_existing_pdf_files to None, run_after=None
[2025-05-08T15:12:40.346+0900] {processor.py:183} INFO - Processing /opt/airflow/dags/process_existing_pdfs.py took 0.179 seconds
[2025-05-08T15:13:10.588+0900] {processor.py:161} INFO - Started process (PID=386) to work on /opt/airflow/dags/process_existing_pdfs.py
[2025-05-08T15:13:10.590+0900] {processor.py:830} INFO - Processing file /opt/airflow/dags/process_existing_pdfs.py for tasks to queue
[2025-05-08T15:13:10.594+0900] {logging_mixin.py:188} INFO - [2025-05-08T15:13:10.593+0900] {dagbag.py:545} INFO - Filling up the DagBag from /opt/airflow/dags/process_existing_pdfs.py
[2025-05-08T15:13:10.643+0900] {processor.py:840} INFO - DAG(s) 'process_existing_pdf_files' retrieved from /opt/airflow/dags/process_existing_pdfs.py
[2025-05-08T15:13:10.691+0900] {logging_mixin.py:188} INFO - [2025-05-08T15:13:10.690+0900] {dag.py:3096} INFO - Sync 1 DAGs
[2025-05-08T15:13:10.714+0900] {logging_mixin.py:188} INFO - [2025-05-08T15:13:10.714+0900] {dag.py:3954} INFO - Setting next_dagrun for process_existing_pdf_files to None, run_after=None
[2025-05-08T15:13:10.792+0900] {processor.py:183} INFO - Processing /opt/airflow/dags/process_existing_pdfs.py took 0.215 seconds
